<?xml version="1.0" encoding="UTF-8"?>
<!-- Generated by org.testng.reporters.JUnitXMLReporter -->
<testsuite ignored="0" hostname="DESKTOP-VG5MMS3" failures="0" tests="3" name="Compatible Test on diff browser" time="99.507" errors="0" timestamp="2025-12-10T10:26:36 IST">
  <testcase classname="testngbasics.ChromeTest" name="ChromeBrowserTest1" time="31.327"/>
  <testcase classname="testngbasics.ChromeTest" name="FirefoxBrowserTest2" time="35.375"/>
  <testcase classname="testngbasics.ChromeTest" name="EdgeBrowserTest3" time="32.67"/>
</testsuite> <!-- Compatible Test on diff browser -->
