<?xml version="1.0" encoding="UTF-8"?>
<!-- Generated by org.testng.reporters.JUnitXMLReporter -->
<testsuite ignored="0" hostname="DESKTOP-VG5MMS3" failures="0" tests="3" name="Default test" time="81.02" errors="0" timestamp="2025-12-28T12:28:36 IST">
  <testcase classname="testngbasics.DataProviderdemo" name="LoginformTest" time="11.408"/>
  <testcase classname="testngbasics.DataProviderdemo" name="LoginformTest" time="11.609"/>
  <testcase classname="testngbasics.DataProviderdemo" name="LoginformTest" time="11.232"/>
</testsuite> <!-- Default test -->
