<?xml version="1.0" encoding="UTF-8"?>
<!-- Generated by org.testng.reporters.JUnitReportReporter -->
<testsuite hostname="DESKTOP-VG5MMS3" failures="0" tests="3" name="testngbasics.DataProviderdemo" time="80.848" errors="0" timestamp="2025-12-28T12:28:37 IST" skipped="0">
  <testcase classname="testngbasics.DataProviderdemo" name="LoginformTest" time="27.823"/>
  <testcase classname="testngbasics.DataProviderdemo" name="LoginformTest" time="26.744"/>
  <testcase classname="testngbasics.DataProviderdemo" name="LoginformTest" time="26.281"/>
</testsuite> <!-- testngbasics.DataProviderdemo -->
