<?xml version="1.0" encoding="UTF-8"?>
<!-- Generated by org.testng.reporters.JUnitReportReporter -->
<testsuite hostname="DESKTOP-VG5MMS3" failures="0" tests="3" name="testngbasics.ChromeTest" time="99.372" errors="0" timestamp="2025-12-10T10:26:37 IST" skipped="0">
  <testcase classname="testngbasics.ChromeTest" name="ChromeBrowserTest1" time="31.327"/>
  <testcase classname="testngbasics.ChromeTest" name="FirefoxBrowserTest2" time="35.375"/>
  <testcase classname="testngbasics.ChromeTest" name="EdgeBrowserTest3" time="32.670"/>
</testsuite> <!-- testngbasics.ChromeTest -->
